TN:
SF:static\js\layout-manager.js
FN:17,(anonymous_0)
FN:62,(anonymous_1)
FN:119,(anonymous_2)
FN:121,(anonymous_3)
FN:128,(anonymous_4)
FN:135,(anonymous_5)
FN:141,(anonymous_6)
FN:146,(anonymous_7)
FN:156,(anonymous_8)
FN:193,(anonymous_9)
FN:204,(anonymous_10)
FN:235,(anonymous_11)
FN:239,(anonymous_12)
FN:241,(anonymous_13)
FN:246,(anonymous_14)
FN:253,(anonymous_15)
FN:267,(anonymous_16)
FN:269,(anonymous_17)
FN:315,(anonymous_18)
FN:317,(anonymous_19)
FN:362,(anonymous_20)
FN:374,(anonymous_21)
FN:390,(anonymous_22)
FN:397,(anonymous_23)
FN:412,(anonymous_24)
FN:426,(anonymous_25)
FN:446,(anonymous_26)
FN:461,(anonymous_27)
FN:481,(anonymous_28)
FN:498,(anonymous_29)
FN:499,(anonymous_30)
FN:526,(anonymous_31)
FN:530,(anonymous_32)
FN:563,(anonymous_33)
FN:589,(anonymous_34)
FN:606,(anonymous_35)
FN:619,(anonymous_36)
FN:622,(anonymous_37)
FN:665,(anonymous_38)
FN:678,(anonymous_39)
FN:686,(anonymous_40)
FN:694,(anonymous_41)
FN:698,(anonymous_42)
FN:716,(anonymous_43)
FN:729,(anonymous_44)
FN:747,(anonymous_45)
FN:765,(anonymous_46)
FN:795,(anonymous_47)
FN:796,(anonymous_48)
FN:813,(anonymous_49)
FN:827,(anonymous_50)
FN:846,(anonymous_51)
FN:861,(anonymous_52)
FN:884,(anonymous_53)
FN:940,(anonymous_54)
FN:979,(anonymous_55)
FN:982,(anonymous_56)
FN:997,(anonymous_57)
FN:1020,(anonymous_58)
FN:1034,(anonymous_59)
FN:1051,(anonymous_60)
FN:1084,(anonymous_61)
FN:1101,(anonymous_62)
FN:1119,(anonymous_63)
FN:1152,(anonymous_64)
FN:1194,(anonymous_65)
FN:1200,(anonymous_66)
FN:1228,(anonymous_67)
FN:1286,(anonymous_68)
FN:1315,(anonymous_69)
FN:1317,(anonymous_70)
FN:1329,(anonymous_71)
FN:1348,(anonymous_72)
FN:1362,(anonymous_73)
FN:1391,(anonymous_74)
FNF:75
FNH:75
FNDA:12,(anonymous_0)
FNDA:97,(anonymous_1)
FNDA:40,(anonymous_2)
FNDA:9,(anonymous_3)
FNDA:97,(anonymous_4)
FNDA:291,(anonymous_5)
FNDA:291,(anonymous_6)
FNDA:291,(anonymous_7)
FNDA:291,(anonymous_8)
FNDA:97,(anonymous_9)
FNDA:97,(anonymous_10)
FNDA:194,(anonymous_11)
FNDA:31,(anonymous_12)
FNDA:13,(anonymous_13)
FNDA:36,(anonymous_14)
FNDA:2,(anonymous_15)
FNDA:43,(anonymous_16)
FNDA:129,(anonymous_17)
FNDA:142,(anonymous_18)
FNDA:568,(anonymous_19)
FNDA:43,(anonymous_20)
FNDA:36,(anonymous_21)
FNDA:97,(anonymous_22)
FNDA:1,(anonymous_23)
FNDA:98,(anonymous_24)
FNDA:67,(anonymous_25)
FNDA:2,(anonymous_26)
FNDA:1,(anonymous_27)
FNDA:2,(anonymous_28)
FNDA:2,(anonymous_29)
FNDA:6,(anonymous_30)
FNDA:1,(anonymous_31)
FNDA:3,(anonymous_32)
FNDA:9,(anonymous_33)
FNDA:1024,(anonymous_34)
FNDA:9,(anonymous_35)
FNDA:98,(anonymous_36)
FNDA:294,(anonymous_37)
FNDA:5,(anonymous_38)
FNDA:3,(anonymous_39)
FNDA:1,(anonymous_40)
FNDA:165,(anonymous_41)
FNDA:495,(anonymous_42)
FNDA:165,(anonymous_43)
FNDA:374,(anonymous_44)
FNDA:59,(anonymous_45)
FNDA:68,(anonymous_46)
FNDA:100,(anonymous_47)
FNDA:300,(anonymous_48)
FNDA:315,(anonymous_49)
FNDA:315,(anonymous_50)
FNDA:50,(anonymous_51)
FNDA:132,(anonymous_52)
FNDA:52,(anonymous_53)
FNDA:19,(anonymous_54)
FNDA:27,(anonymous_55)
FNDA:81,(anonymous_56)
FNDA:4,(anonymous_57)
FNDA:15,(anonymous_58)
FNDA:9,(anonymous_59)
FNDA:106,(anonymous_60)
FNDA:13,(anonymous_61)
FNDA:305,(anonymous_62)
FNDA:9,(anonymous_63)
FNDA:17,(anonymous_64)
FNDA:50,(anonymous_65)
FNDA:30,(anonymous_66)
FNDA:13,(anonymous_67)
FNDA:52,(anonymous_68)
FNDA:55,(anonymous_69)
FNDA:165,(anonymous_70)
FNDA:54,(anonymous_71)
FNDA:52,(anonymous_72)
FNDA:134,(anonymous_73)
FNDA:804,(anonymous_74)
DA:17,12
DA:21,12
DA:23,12
DA:29,12
DA:43,12
DA:52,12
DA:64,97
DA:67,97
DA:70,97
DA:73,97
DA:76,97
DA:79,97
DA:82,97
DA:85,97
DA:88,97
DA:91,97
DA:94,97
DA:97,97
DA:100,97
DA:103,97
DA:106,97
DA:107,97
DA:108,97
DA:109,97
DA:110,97
DA:111,97
DA:112,97
DA:113,97
DA:114,97
DA:117,97
DA:119,97
DA:121,97
DA:129,97
DA:132,97
DA:133,97
DA:136,291
DA:140,97
DA:141,97
DA:142,291
DA:146,97
DA:147,291
DA:148,291
DA:151,291
DA:152,291
DA:156,97
DA:157,291
DA:158,291
DA:162,97
DA:165,97
DA:166,97
DA:168,96
DA:171,96
DA:175,97
DA:176,97
DA:177,85
DA:179,97
DA:180,97
DA:184,97
DA:185,97
DA:186,85
DA:188,97
DA:189,97
DA:193,97
DA:194,97
DA:197,97
DA:205,97
DA:206,97
DA:207,86
DA:211,11
DA:213,11
DA:214,11
DA:215,11
DA:219,0
DA:221,0
DA:226,0
DA:236,194
DA:238,194
DA:240,31
DA:241,31
DA:242,13
DA:243,13
DA:247,36
DA:248,1
DA:249,1
DA:251,36
DA:254,2
DA:255,1
DA:256,1
DA:268,43
DA:269,43
DA:270,129
DA:273,129
DA:275,129
DA:278,129
DA:281,129
DA:282,129
DA:286,129
DA:290,129
DA:293,43
DA:316,142
DA:317,142
DA:318,568
DA:319,3
DA:320,3
DA:324,142
DA:326,142
DA:327,142
DA:328,142
DA:331,142
DA:334,142
DA:335,142
DA:339,142
DA:342,142
DA:343,142
DA:344,142
DA:348,142
DA:349,142
DA:350,142
DA:355,139
DA:363,43
DA:365,43
DA:366,43
DA:367,43
DA:375,36
DA:378,36
DA:391,97
DA:393,97
DA:394,97
DA:395,97
DA:397,1
DA:398,1
DA:401,1
DA:402,1
DA:405,1
DA:414,98
DA:417,98
DA:418,0
DA:419,0
DA:422,98
DA:423,98
DA:424,98
DA:426,98
DA:427,67
DA:428,67
DA:434,98
DA:435,98
DA:437,0
DA:448,2
DA:451,2
DA:452,0
DA:453,0
DA:456,2
DA:457,2
DA:458,2
DA:461,2
DA:462,1
DA:463,1
DA:483,2
DA:484,2
DA:487,2
DA:488,2
DA:489,2
DA:490,2
DA:496,2
DA:498,2
DA:499,2
DA:500,6
DA:501,6
DA:504,6
DA:505,6
DA:508,6
DA:511,6
DA:515,2
DA:516,2
DA:519,2
DA:527,1
DA:528,1
DA:530,1
DA:531,3
DA:532,3
DA:533,3
DA:536,3
DA:537,3
DA:538,3
DA:539,3
DA:540,3
DA:541,3
DA:545,3
DA:548,3
DA:549,1
DA:550,1
DA:552,2
DA:553,2
DA:564,9
DA:565,9
DA:567,9
DA:568,9
DA:570,9
DA:571,1
DA:572,1
DA:573,1
DA:574,1
DA:575,1
DA:578,8
DA:579,8
DA:580,8
DA:581,8
DA:590,1024
DA:592,389
DA:594,324
DA:596,310
DA:598,1
DA:607,9
DA:608,9
DA:609,9
DA:611,7
DA:612,7
DA:620,98
DA:622,98
DA:623,294
DA:624,294
DA:626,294
DA:629,294
DA:630,291
DA:631,291
DA:632,291
DA:633,291
DA:634,291
DA:635,291
DA:639,291
DA:644,291
DA:645,291
DA:646,291
DA:647,291
DA:649,291
DA:652,294
DA:653,294
DA:654,294
DA:655,294
DA:657,294
DA:666,5
DA:667,5
DA:668,5
DA:670,3
DA:671,3
DA:679,3
DA:680,2
DA:681,2
DA:683,1
DA:684,1
DA:695,165
DA:696,165
DA:698,165
DA:699,495
DA:700,495
DA:701,495
DA:703,495
DA:704,69
DA:705,69
DA:707,426
DA:717,165
DA:720,165
DA:721,165
DA:730,374
DA:732,165
DA:734,105
DA:736,103
DA:738,1
DA:748,59
DA:750,54
DA:752,2
DA:754,2
DA:756,1
DA:766,68
DA:767,63
DA:769,62
DA:770,62
DA:771,62
DA:773,61
DA:776,61
DA:777,61
DA:778,60
DA:782,61
DA:783,61
DA:784,61
DA:796,100
DA:797,300
DA:798,300
DA:800,300
DA:801,2
DA:803,298
DA:814,315
DA:815,315
DA:817,315
DA:818,315
DA:819,315
DA:820,315
DA:828,315
DA:829,315
DA:830,315
DA:832,315
DA:833,315
DA:834,315
DA:836,315
DA:847,50
DA:848,50
DA:849,50
DA:851,50
DA:852,50
DA:862,132
DA:868,1
DA:872,131
DA:885,52
DA:886,52
DA:889,50
DA:890,24
DA:891,24
DA:892,2
DA:893,2
DA:898,48
DA:899,26
DA:901,22
DA:904,48
DA:905,48
DA:906,48
DA:908,48
DA:909,48
DA:910,48
DA:911,48
DA:915,48
DA:919,48
DA:923,48
DA:924,22
DA:925,22
DA:926,22
DA:931,48
DA:932,22
DA:941,19
DA:942,19
DA:945,17
DA:947,17
DA:948,17
DA:949,17
DA:951,17
DA:952,17
DA:953,17
DA:954,17
DA:958,17
DA:962,17
DA:964,17
DA:965,12
DA:970,17
DA:971,12
DA:981,27
DA:982,27
DA:983,81
DA:984,81
DA:985,81
DA:986,74
DA:989,27
DA:998,4
DA:999,4
DA:1000,4
DA:1001,4
DA:1007,0
DA:1008,0
DA:1009,0
DA:1021,15
DA:1022,15
DA:1024,13
DA:1025,3
DA:1027,10
DA:1035,9
DA:1036,0
DA:1037,0
DA:1039,9
DA:1052,106
DA:1054,106
DA:1055,106
DA:1057,106
DA:1058,106
DA:1059,106
DA:1061,106
DA:1062,6
DA:1064,100
DA:1067,106
DA:1068,4
DA:1070,102
DA:1073,106
DA:1074,3
DA:1076,103
DA:1085,13
DA:1086,13
DA:1089,13
DA:1092,12
DA:1094,11
DA:1102,305
DA:1103,305
DA:1105,305
DA:1107,304
DA:1108,304
DA:1110,5
DA:1111,5
DA:1120,9
DA:1122,9
DA:1123,9
DA:1125,9
DA:1126,9
DA:1127,9
DA:1129,9
DA:1130,9
DA:1131,9
DA:1133,9
DA:1134,9
DA:1136,9
DA:1138,9
DA:1139,9
DA:1140,9
DA:1143,9
DA:1144,9
DA:1154,17
DA:1156,16
DA:1157,16
DA:1158,16
DA:1160,15
DA:1161,15
DA:1163,14
DA:1165,12
DA:1168,12
DA:1169,12
DA:1172,12
DA:1173,12
DA:1174,12
DA:1175,12
DA:1176,12
DA:1177,12
DA:1179,12
DA:1180,12
DA:1181,12
DA:1183,12
DA:1184,12
DA:1186,12
DA:1187,12
DA:1195,50
DA:1197,49
DA:1199,49
DA:1200,39
DA:1201,30
DA:1202,30
DA:1204,30
DA:1205,30
DA:1211,30
DA:1214,0
DA:1216,0
DA:1220,0
DA:1229,13
DA:1232,12
DA:1233,9
DA:1234,9
DA:1236,9
DA:1237,9
DA:1243,9
DA:1245,0
DA:1247,0
DA:1254,12
DA:1255,12
DA:1256,12
DA:1258,12
DA:1259,12
DA:1260,12
DA:1261,12
DA:1264,12
DA:1265,12
DA:1267,12
DA:1268,12
DA:1269,12
DA:1273,12
DA:1274,12
DA:1287,52
DA:1288,52
DA:1290,52
DA:1291,52
DA:1294,52
DA:1297,52
DA:1298,52
DA:1299,52
DA:1300,52
DA:1301,52
DA:1302,52
DA:1303,52
DA:1304,52
DA:1307,52
DA:1316,55
DA:1317,55
DA:1318,165
DA:1319,110
DA:1320,110
DA:1322,55
DA:1330,54
DA:1331,53
DA:1334,53
DA:1335,1
DA:1338,53
DA:1339,52
DA:1341,1
DA:1349,52
DA:1352,52
DA:1353,52
DA:1363,134
DA:1365,134
DA:1368,134
DA:1369,134
DA:1371,3
DA:1372,2
DA:1375,2
DA:1376,1
DA:1378,1
DA:1379,1
DA:1383,1
DA:1392,804
DA:1393,584
DA:1394,584
DA:1395,582
DA:1396,582
DA:1401,12
DA:1404,12
DA:1405,12
LF:527
LH:509
BRDA:166,0,0,96
BRDA:166,0,1,1
BRDA:175,1,0,97
BRDA:175,1,1,0
BRDA:175,2,0,97
BRDA:175,2,1,97
BRDA:176,3,0,85
BRDA:176,3,1,12
BRDA:184,4,0,97
BRDA:184,4,1,0
BRDA:184,5,0,97
BRDA:184,5,1,97
BRDA:185,6,0,85
BRDA:185,6,1,12
BRDA:206,7,0,86
BRDA:206,7,1,11
BRDA:206,8,0,97
BRDA:206,8,1,97
BRDA:211,9,0,11
BRDA:211,9,1,0
BRDA:214,10,0,11
BRDA:214,10,1,0
BRDA:240,11,0,2
BRDA:240,11,1,29
BRDA:247,12,0,1
BRDA:247,12,1,35
BRDA:254,13,0,1
BRDA:254,13,1,1
BRDA:275,14,0,129
BRDA:275,14,1,129
BRDA:275,14,2,0
BRDA:282,15,0,129
BRDA:282,15,1,0
BRDA:286,16,0,129
BRDA:286,16,1,129
BRDA:286,16,2,22
BRDA:295,17,0,43
BRDA:295,17,1,0
BRDA:318,18,0,565
BRDA:318,18,1,3
BRDA:318,19,0,568
BRDA:318,19,1,426
BRDA:320,20,0,3
BRDA:320,20,1,0
BRDA:324,21,0,142
BRDA:324,21,1,0
BRDA:326,22,0,142
BRDA:326,22,1,0
BRDA:326,23,0,142
BRDA:326,23,1,142
BRDA:328,24,0,0
BRDA:328,24,1,142
BRDA:331,25,0,142
BRDA:331,25,1,0
BRDA:331,26,0,142
BRDA:331,26,1,142
BRDA:335,27,0,0
BRDA:335,27,1,142
BRDA:339,28,0,142
BRDA:339,28,1,0
BRDA:342,29,0,0
BRDA:342,29,1,142
BRDA:344,30,0,0
BRDA:344,30,1,142
BRDA:348,31,0,142
BRDA:348,31,1,0
BRDA:350,32,0,3
BRDA:350,32,1,139
BRDA:363,33,0,0
BRDA:363,33,1,43
BRDA:363,34,0,43
BRDA:363,34,1,43
BRDA:365,35,0,43
BRDA:365,35,1,42
BRDA:375,36,0,0
BRDA:375,36,1,36
BRDA:391,37,0,0
BRDA:391,37,1,97
BRDA:391,38,0,97
BRDA:391,38,1,97
BRDA:393,39,0,97
BRDA:393,39,1,95
BRDA:395,40,0,96
BRDA:395,40,1,1
BRDA:395,41,0,97
BRDA:395,41,1,1
BRDA:414,42,0,98
BRDA:414,42,1,0
BRDA:414,43,0,98
BRDA:414,43,1,98
BRDA:417,44,0,0
BRDA:417,44,1,98
BRDA:417,45,0,98
BRDA:417,45,1,98
BRDA:434,46,0,98
BRDA:434,46,1,0
BRDA:448,47,0,2
BRDA:448,47,1,0
BRDA:448,48,0,2
BRDA:448,48,1,2
BRDA:451,49,0,0
BRDA:451,49,1,2
BRDA:451,50,0,2
BRDA:451,50,1,2
BRDA:483,51,0,2
BRDA:483,51,1,0
BRDA:483,52,0,2
BRDA:483,52,1,2
BRDA:487,53,0,2
BRDA:487,53,1,2
BRDA:489,54,0,2
BRDA:489,54,1,0
BRDA:489,55,0,2
BRDA:489,55,1,2
BRDA:501,56,0,0
BRDA:501,56,1,6
BRDA:527,57,0,1
BRDA:527,57,1,0
BRDA:527,58,0,1
BRDA:527,58,1,1
BRDA:528,59,0,0
BRDA:528,59,1,1
BRDA:533,60,0,0
BRDA:533,60,1,3
BRDA:533,61,0,3
BRDA:533,61,1,3
BRDA:537,62,0,3
BRDA:537,62,1,0
BRDA:548,63,0,1
BRDA:548,63,1,2
BRDA:565,64,0,0
BRDA:565,64,1,9
BRDA:568,65,0,0
BRDA:568,65,1,9
BRDA:570,66,0,1
BRDA:570,66,1,8
BRDA:590,67,0,389
BRDA:590,67,1,324
BRDA:590,67,2,310
BRDA:590,67,3,1
BRDA:607,68,0,8
BRDA:607,68,1,1
BRDA:607,69,0,9
BRDA:607,69,1,8
BRDA:608,70,0,8
BRDA:608,70,1,1
BRDA:608,71,0,9
BRDA:608,71,1,8
BRDA:609,72,0,2
BRDA:609,72,1,7
BRDA:624,73,0,0
BRDA:624,73,1,294
BRDA:629,74,0,291
BRDA:629,74,1,3
BRDA:666,75,0,4
BRDA:666,75,1,1
BRDA:666,76,0,5
BRDA:666,76,1,4
BRDA:667,77,0,4
BRDA:667,77,1,1
BRDA:667,78,0,5
BRDA:667,78,1,4
BRDA:668,79,0,2
BRDA:668,79,1,3
BRDA:679,80,0,1
BRDA:679,80,1,2
BRDA:681,81,0,1
BRDA:681,81,1,1
BRDA:681,82,0,2
BRDA:681,82,1,1
BRDA:701,83,0,0
BRDA:701,83,1,495
BRDA:701,84,0,495
BRDA:701,84,1,495
BRDA:703,85,0,69
BRDA:703,85,1,426
BRDA:721,86,0,1
BRDA:721,86,1,164
BRDA:730,87,0,165
BRDA:730,87,1,105
BRDA:730,87,2,103
BRDA:730,87,3,1
BRDA:748,88,0,54
BRDA:748,88,1,2
BRDA:748,88,2,2
BRDA:748,88,3,1
BRDA:766,89,0,5
BRDA:766,89,1,63
BRDA:766,90,0,68
BRDA:766,90,1,67
BRDA:766,90,2,63
BRDA:767,91,0,1
BRDA:767,91,1,62
BRDA:767,92,0,63
BRDA:767,92,1,63
BRDA:771,93,0,1
BRDA:771,93,1,61
BRDA:777,94,0,60
BRDA:777,94,1,1
BRDA:777,95,0,61
BRDA:777,95,1,61
BRDA:783,96,0,61
BRDA:783,96,1,0
BRDA:798,97,0,0
BRDA:798,97,1,300
BRDA:800,98,0,2
BRDA:800,98,1,298
BRDA:815,99,0,0
BRDA:815,99,1,315
BRDA:819,100,0,0
BRDA:819,100,1,315
BRDA:830,101,0,0
BRDA:830,101,1,315
BRDA:830,102,0,315
BRDA:830,102,1,315
BRDA:833,103,0,315
BRDA:833,103,1,0
BRDA:849,104,0,0
BRDA:849,104,1,50
BRDA:849,105,0,50
BRDA:849,105,1,50
BRDA:862,106,0,1
BRDA:862,106,1,131
BRDA:863,107,0,132
BRDA:863,107,1,132
BRDA:863,107,2,132
BRDA:863,107,3,131
BRDA:884,108,0,11
BRDA:886,109,0,2
BRDA:886,109,1,50
BRDA:889,110,0,24
BRDA:889,110,1,26
BRDA:889,111,0,50
BRDA:889,111,1,24
BRDA:891,112,0,2
BRDA:891,112,1,22
BRDA:891,113,0,24
BRDA:891,113,1,2
BRDA:898,114,0,26
BRDA:898,114,1,22
BRDA:909,115,0,48
BRDA:909,115,1,0
BRDA:923,116,0,22
BRDA:923,116,1,26
BRDA:925,117,0,22
BRDA:925,117,1,0
BRDA:925,118,0,22
BRDA:925,118,1,22
BRDA:931,119,0,22
BRDA:931,119,1,26
BRDA:940,120,0,14
BRDA:942,121,0,2
BRDA:942,121,1,17
BRDA:952,122,0,17
BRDA:952,122,1,0
BRDA:964,123,0,12
BRDA:964,123,1,5
BRDA:964,124,0,17
BRDA:964,124,1,12
BRDA:970,125,0,12
BRDA:970,125,1,5
BRDA:984,126,0,0
BRDA:984,126,1,81
BRDA:985,127,0,74
BRDA:985,127,1,7
BRDA:997,128,0,0
BRDA:999,129,0,4
BRDA:999,129,1,0
BRDA:999,130,0,4
BRDA:999,130,1,4
BRDA:1008,131,0,0
BRDA:1008,131,1,0
BRDA:1008,132,0,0
BRDA:1008,132,1,0
BRDA:1022,133,0,2
BRDA:1022,133,1,13
BRDA:1024,134,0,3
BRDA:1024,134,1,10
BRDA:1035,135,0,0
BRDA:1035,135,1,9
BRDA:1052,136,0,0
BRDA:1052,136,1,106
BRDA:1052,137,0,106
BRDA:1052,137,1,106
BRDA:1055,138,0,0
BRDA:1055,138,1,106
BRDA:1055,139,0,106
BRDA:1055,139,1,106
BRDA:1061,140,0,6
BRDA:1061,140,1,100
BRDA:1067,141,0,4
BRDA:1067,141,1,102
BRDA:1073,142,0,3
BRDA:1073,142,1,103
BRDA:1086,143,0,0
BRDA:1086,143,1,13
BRDA:1089,144,0,1
BRDA:1089,144,1,12
BRDA:1089,145,0,13
BRDA:1089,145,1,13
BRDA:1092,146,0,1
BRDA:1092,146,1,11
BRDA:1092,147,0,12
BRDA:1092,147,1,12
BRDA:1103,148,0,0
BRDA:1103,148,1,305
BRDA:1105,149,0,1
BRDA:1105,149,1,304
BRDA:1105,150,0,305
BRDA:1105,150,1,305
BRDA:1107,151,0,304
BRDA:1107,151,1,304
BRDA:1108,152,0,299
BRDA:1108,152,1,5
BRDA:1110,153,0,5
BRDA:1110,153,1,0
BRDA:1110,154,0,5
BRDA:1110,154,1,5
BRDA:1120,155,0,0
BRDA:1120,155,1,9
BRDA:1123,156,0,0
BRDA:1123,156,1,9
BRDA:1123,157,0,9
BRDA:1123,157,1,7
BRDA:1126,158,0,9
BRDA:1126,158,1,0
BRDA:1126,159,0,9
BRDA:1126,159,1,9
BRDA:1127,160,0,0
BRDA:1127,160,1,9
BRDA:1130,161,0,0
BRDA:1130,161,1,9
BRDA:1131,162,0,0
BRDA:1131,162,1,9
BRDA:1131,163,0,9
BRDA:1131,163,1,9
BRDA:1133,164,0,2
BRDA:1133,164,1,7
BRDA:1134,165,0,2
BRDA:1134,165,1,7
BRDA:1143,166,0,9
BRDA:1143,166,1,0
BRDA:1143,167,0,9
BRDA:1143,167,1,9
BRDA:1154,168,0,1
BRDA:1154,168,1,16
BRDA:1154,169,0,17
BRDA:1154,169,1,17
BRDA:1154,169,2,17
BRDA:1157,170,0,15
BRDA:1157,170,1,1
BRDA:1157,171,0,16
BRDA:1157,171,1,16
BRDA:1158,172,0,1
BRDA:1158,172,1,15
BRDA:1161,173,0,1
BRDA:1161,173,1,14
BRDA:1163,174,0,2
BRDA:1163,174,1,12
BRDA:1168,175,0,12
BRDA:1168,175,1,0
BRDA:1176,176,0,12
BRDA:1176,176,1,0
BRDA:1176,177,0,12
BRDA:1176,177,1,12
BRDA:1195,178,0,1
BRDA:1195,178,1,49
BRDA:1195,179,0,50
BRDA:1195,179,1,49
BRDA:1195,179,2,49
BRDA:1199,180,0,10
BRDA:1199,180,1,39
BRDA:1202,181,0,0
BRDA:1202,181,1,30
BRDA:1202,182,0,30
BRDA:1202,182,1,30
BRDA:1202,182,2,30
BRDA:1229,183,0,1
BRDA:1229,183,1,12
BRDA:1232,184,0,9
BRDA:1232,184,1,3
BRDA:1232,185,0,12
BRDA:1232,185,1,9
BRDA:1232,185,2,9
BRDA:1264,186,0,12
BRDA:1264,186,1,0
BRDA:1264,187,0,12
BRDA:1264,187,1,12
BRDA:1268,188,0,12
BRDA:1268,188,1,0
BRDA:1273,189,0,12
BRDA:1273,189,1,0
BRDA:1273,190,0,12
BRDA:1273,190,1,12
BRDA:1299,191,0,52
BRDA:1299,191,1,0
BRDA:1299,192,0,52
BRDA:1299,192,1,52
BRDA:1302,193,0,52
BRDA:1302,193,1,0
BRDA:1318,194,0,55
BRDA:1318,194,1,110
BRDA:1330,195,0,53
BRDA:1330,195,1,1
BRDA:1331,196,0,53
BRDA:1331,196,1,0
BRDA:1334,197,0,1
BRDA:1334,197,1,52
BRDA:1334,198,0,53
BRDA:1334,198,1,53
BRDA:1334,198,2,53
BRDA:1338,199,0,52
BRDA:1338,199,1,1
BRDA:1338,200,0,53
BRDA:1338,200,1,53
BRDA:1353,201,0,0
BRDA:1353,201,1,52
BRDA:1365,202,0,134
BRDA:1365,202,1,132
BRDA:1365,202,2,2
BRDA:1369,203,0,131
BRDA:1369,203,1,3
BRDA:1371,204,0,2
BRDA:1371,204,1,1
BRDA:1372,205,0,2
BRDA:1372,205,1,0
BRDA:1375,206,0,1
BRDA:1375,206,1,1
BRDA:1375,207,0,2
BRDA:1375,207,1,2
BRDA:1375,207,2,2
BRDA:1378,208,0,1
BRDA:1378,208,1,0
BRDA:1378,209,0,1
BRDA:1378,209,1,1
BRDA:1392,210,0,220
BRDA:1392,210,1,584
BRDA:1392,211,0,804
BRDA:1392,211,1,584
BRDA:1394,212,0,2
BRDA:1394,212,1,582
BRDA:1396,213,0,581
BRDA:1396,213,1,1
BRDA:1404,214,0,12
BRDA:1404,214,1,0
BRDA:1404,215,0,12
BRDA:1404,215,1,12
BRDA:1407,216,0,12
BRDA:1407,216,1,0
BRF:449
BRH:369
end_of_record
TN:
SF:static\js\state-manager.js
FN:14,(anonymous_0)
FN:25,(anonymous_1)
FN:40,(anonymous_2)
FN:51,(anonymous_3)
FN:126,(anonymous_4)
FN:198,(anonymous_5)
FN:214,(anonymous_6)
FN:229,(anonymous_7)
FN:247,(anonymous_8)
FN:261,(anonymous_9)
FN:263,(anonymous_10)
FN:277,(anonymous_11)
FN:297,(anonymous_12)
FNF:13
FNH:13
FNDA:13,(anonymous_0)
FNDA:360,(anonymous_1)
FNDA:365,(anonymous_2)
FNDA:150,(anonymous_3)
FNDA:203,(anonymous_4)
FNDA:6,(anonymous_5)
FNDA:8,(anonymous_6)
FNDA:1,(anonymous_7)
FNDA:2,(anonymous_8)
FNDA:1,(anonymous_9)
FNDA:2,(anonymous_10)
FNDA:1258,(anonymous_11)
FNDA:106,(anonymous_12)
DA:14,13
DA:17,13
DA:18,13
DA:26,360
DA:27,360
DA:29,360
DA:31,1
DA:41,365
DA:42,365
DA:52,150
DA:53,150
DA:54,1
DA:56,1
DA:60,1
DA:63,149
DA:70,149
DA:71,1
DA:73,1
DA:77,1
DA:80,148
DA:81,148
DA:83,148
DA:84,148
DA:85,146
DA:88,2
DA:89,1
DA:91,1
DA:95,1
DA:96,1
DA:97,1
DA:98,1
DA:100,0
DA:102,0
DA:106,0
DA:111,1
DA:113,1
DA:117,1
DA:127,203
DA:128,203
DA:129,0
DA:131,0
DA:135,0
DA:138,203
DA:140,203
DA:141,203
DA:142,203
DA:144,3
DA:146,3
DA:150,3
DA:153,200
DA:155,106
DA:156,106
DA:157,106
DA:160,2
DA:161,2
DA:165,2
DA:167,2
DA:171,2
DA:174,104
DA:175,104
DA:176,1
DA:177,1
DA:181,1
DA:183,1
DA:187,1
DA:190,103
DA:199,6
DA:200,6
DA:201,6
DA:202,6
DA:203,6
DA:215,8
DA:216,7
DA:217,7
DA:218,5
DA:219,4
DA:221,4
DA:230,1
DA:231,1
DA:233,1
DA:234,1
DA:235,1
DA:236,4
DA:237,4
DA:238,4
DA:239,3
DA:240,2
DA:247,1
DA:248,2
DA:249,2
DA:250,2
DA:251,2
DA:252,2
DA:253,1
DA:256,1
DA:258,2
DA:261,1
DA:263,1
DA:264,2
DA:265,2
DA:278,1258
DA:279,1257
DA:281,1256
DA:282,1256
DA:283,3760
DA:284,3760
DA:285,3760
DA:286,3757
DA:289,1252
DA:298,106
DA:301,106
DA:302,1
DA:306,105
DA:309,1
DA:314,13
DA:317,13
DA:318,13
LF:117
LH:111
BRDA:27,0,0,0
BRDA:27,0,1,360
BRDA:29,1,0,360
BRDA:29,1,1,1
BRDA:41,2,0,363
BRDA:41,2,1,2
BRDA:41,3,0,365
BRDA:41,3,1,363
BRDA:53,4,0,1
BRDA:53,4,1,149
BRDA:65,5,0,149
BRDA:65,5,1,0
BRDA:65,6,0,149
BRDA:65,6,1,149
BRDA:66,7,0,149
BRDA:66,7,1,0
BRDA:66,8,0,149
BRDA:66,8,1,149
BRDA:70,9,0,1
BRDA:70,9,1,148
BRDA:88,10,0,1
BRDA:88,10,1,1
BRDA:128,11,0,0
BRDA:128,11,1,203
BRDA:153,12,0,94
BRDA:153,12,1,106
BRDA:175,13,0,1
BRDA:175,13,1,103
BRDA:201,14,0,0
BRDA:201,14,1,6
BRDA:215,15,0,1
BRDA:215,15,1,7
BRDA:216,16,0,5
BRDA:216,16,1,2
BRDA:217,17,0,2
BRDA:217,17,1,5
BRDA:218,18,0,1
BRDA:218,18,1,4
BRDA:219,19,0,3
BRDA:219,19,1,1
BRDA:221,20,0,4
BRDA:221,20,1,3
BRDA:231,21,0,0
BRDA:231,21,1,1
BRDA:237,22,0,0
BRDA:237,22,1,4
BRDA:238,23,0,1
BRDA:238,23,1,3
BRDA:239,24,0,1
BRDA:239,24,1,2
BRDA:239,25,0,3
BRDA:239,25,1,3
BRDA:251,26,0,2
BRDA:251,26,1,0
BRDA:253,27,0,1
BRDA:253,27,1,0
BRDA:253,28,0,1
BRDA:253,28,1,1
BRDA:278,29,0,1
BRDA:278,29,1,1257
BRDA:278,30,0,1258
BRDA:278,30,1,1257
BRDA:279,31,0,1
BRDA:279,31,1,1256
BRDA:279,32,0,1257
BRDA:279,32,1,1257
BRDA:284,33,0,0
BRDA:284,33,1,3760
BRDA:284,34,0,3760
BRDA:284,34,1,3760
BRDA:285,35,0,3
BRDA:285,35,1,3757
BRDA:285,36,0,3760
BRDA:285,36,1,3760
BRDA:286,37,0,1
BRDA:286,37,1,3756
BRDA:298,38,0,0
BRDA:298,38,1,106
BRDA:298,39,0,106
BRDA:298,39,1,106
BRDA:301,40,0,1
BRDA:301,40,1,105
BRDA:306,41,0,104
BRDA:306,41,1,1
BRDA:317,42,0,13
BRDA:317,42,1,0
BRDA:317,43,0,13
BRDA:317,43,1,13
BRDA:320,44,0,13
BRDA:320,44,1,0
BRF:90
BRH:77
end_of_record
